<?xml version="1.0" encoding="UTF-8"?>
<!-- Generated by org.testng.reporters.JUnitReportReporter -->
<testsuite hostname="Sayid" failures="0" tests="2" name="Qus.automationInternship.tests.GoogleSearchTest" time="96.510" errors="0" timestamp="2023-10-08T18:46:51 BDT" skipped="0">
  <testcase classname="Qus.automationInternship.tests.GoogleSearchTest" name="Exel" time="96.182"/>
  <testcase classname="Qus.automationInternship.tests.GoogleSearchTest" name="ExcelOparetion" time="0.328"/>
</testsuite> <!-- Qus.automationInternship.tests.GoogleSearchTest -->
